0001   0000             ;==================================================================================
0002   0000             ; Contents of this file are copyright Grant Searle
0003   0000             ;
0004   0000             ; You have permission to use this for NON COMMERCIAL USE ONLY
0005   0000             ; If you wish to use it elsewhere, please include an acknowledgement to myself.
0006   0000             ;
0007   0000             ; http://searle.hostei.com/grant/index.html
0008   0000             ;
0009   0000             ; eMail: home.micros01@btinternet.com
0010   0000             ;
0011   0000             ; If the above don't work, please perform an Internet search to see if I have
0012   0000             ; updated the web page hosting service.
0013   0000             ;
0014   0000             ;==================================================================================
0015   0000             
0016   0000             loadAddr	.EQU	0D000h
0017   0000             numSecs		.EQU	24	; Number of 512 sectors to be loaded
0018   0000             
0019   0000             
0020   0000             ; CF registers
0021   0000             CF_DATA		.EQU	$10
0022   0000             CF_FEATURES	.EQU	$11
0023   0000             CF_ERROR	.EQU	$11
0024   0000             CF_SECCOUNT	.EQU	$12
0025   0000             CF_SECTOR	.EQU	$13
0026   0000             CF_CYL_LOW	.EQU	$14
0027   0000             CF_CYL_HI	.EQU	$15
0028   0000             CF_HEAD		.EQU	$16
0029   0000             CF_STATUS	.EQU	$17
0030   0000             CF_COMMAND	.EQU	$17
0031   0000             CF_LBA0		.EQU	$13
0032   0000             CF_LBA1		.EQU	$14
0033   0000             CF_LBA2		.EQU	$15
0034   0000             CF_LBA3		.EQU	$16
0035   0000             
0036   0000             ;CF Features
0037   0000             CF_8BIT		.EQU	1
0038   0000             CF_NOCACHE	.EQU	082H
0039   0000             ;CF Commands
0040   0000             CF_READ_SEC	.EQU	020H
0041   0000             CF_WRITE_SEC	.EQU	030H
0042   0000             CF_SET_FEAT	.EQU 	0EFH
0043   0000             
0044   0000             LF		.EQU	0AH		;line feed
0045   0000             FF		.EQU	0CH		;form feed
0046   0000             CR		.EQU	0DH		;carriage RETurn
0047   0000             
0048   0000             ;================================================================================================
0049   0000             
0050   5000             		.ORG	5000H		; Loader origin.
0051   5000             
0052   5000 CD CE 50    		CALL	printInline
0053   5003 43502F4D2053		.TEXT "CP/M System Transfer by G. Searle 2012"
0053   5009 797374656D205472616E7366657220627920472E20536561726C652032303132
0054   5029 0D 0A 00    		.DB CR,LF,0
0055   502C             		
0056   502C CD C3 50    		CALL	cfWait
0057   502F 3E 55       		LD 	A,055H	; No write cache
0058   5031 D3 11       		OUT	(CF_FEATURES),A
0059   5033 3E EF       		LD	A,CF_SET_FEAT
0060   5035 D3 17       		OUT	(CF_COMMAND),A
0061   5037 06 18       		LD	B,numSecs
0062   5039             
0063   5039 3E 00       		LD	A,0
0064   503B 32 E1 50    		LD	(secNo),A
0065   503E 21 00 D0    		LD	HL,loadAddr
0066   5041 22 DF 50    		LD	(dmaAddr),HL
0067   5044             processSectors:
0068   5044             
0069   5044 CD C3 50    		CALL	cfWait
0070   5047             
0071   5047 3A E1 50    		LD	A,(secNo)
0072   504A D3 13       		OUT 	(CF_LBA0),A
0073   504C 3E 00       		LD	A,0
0074   504E D3 14       		OUT 	(CF_LBA1),A
0075   5050 D3 15       		OUT 	(CF_LBA2),A
0076   5052 3E E0       		LD	a,0E0H
0077   5054 D3 16       		OUT 	(CF_LBA3),A
0078   5056 3E 02       		LD 	A,2
0079   5058 D3 12       		OUT 	(CF_SECCOUNT),A
0080   505A             
0081   505A CD 98 50    		call	write
0082   505D 3E E7       				LD 	A,0e7H
0083   505F D3 17       		OUT 	(CF_COMMAND),A
0084   5061             
0085   5061 CD C3 50    		CALL 	cfWait		
0086   5064 11 00 02    		LD	DE,0200H
0087   5067 2A DF 50    		LD	HL,(dmaAddr)
0088   506A 19          		ADD	HL,DE
0089   506B 22 DF 50    		LD	(dmaAddr),HL
0090   506E 3A E1 50    		LD	A,(secNo)
0091   5071 3C          		INC	A
0092   5072 32 E1 50    		LD	(secNo),A
0093   5075             
0094   5075 10 CD       		djnz	processSectors
0095   5077             
0096   5077 CD CE 50    		CALL	printInline
0097   507A 0D 0A       		.DB CR,LF
0098   507C 53797374656D		.TEXT "System transfer complete"
0098   5082 207472616E7366657220636F6D706C657465
0099   5094 0D 0A 00    		.DB CR,LF,0
0100   5097             
0101   5097 C9          		RET				
0102   5098             
0103   5098              ;================================================================================================
0104   5098             ; Write physical sector to host
0105   5098             ;================================================================================================
0106   5098             
0107   5098             write:
0108   5098 F5          		PUSH 	AF
0109   5099 C5          		PUSH 	BC
0110   509A E5          		PUSH 	HL
0111   509B D5          		push	de
0112   509C             
0113   509C CD C3 50    		CALL 	cfWait
0114   509F             
0115   509F 3E 30       		LD 	A,CF_WRITE_SEC
0116   50A1 D3 17       		OUT 	(CF_COMMAND),A
0117   50A3             
0118   50A3 CD C3 50    		CALL 	cfWait
0119   50A6 0E 04       		LD 	c,4
0120   50A8 2A DF 50    		LD 	HL,(dmaAddr)
0121   50AB             wr4secs:
0122   50AB 06 80       		LD 	b,128
0123   50AD 7E          wrByte:		LD 	A,(HL)
0124   50AE CF          		rst	08H
0125   50AF 16 14       		ld d,20
0126   50B1             delay:		
0127   50B1 15          		dec d
0128   50B2 C2 B1 50    		jp nz,delay
0129   50B5             		
0130   50B5 D3 10       		OUT 	(CF_DATA),A
0131   50B7 23          		iNC 	HL
0132   50B8 05          		dec 	b
0133   50B9 20 F2       		JR 	NZ, wrByte
0134   50BB             
0135   50BB 0D          		dec 	c
0136   50BC 20 ED       		JR 	NZ,wr4secs
0137   50BE             		
0138   50BE D1          		pop 	de
0139   50BF E1          		POP 	HL
0140   50C0 C1          		POP 	BC
0141   50C1 F1          		POP 	AF
0142   50C2             
0143   50C2 C9          		RET
0144   50C3             
0145   50C3             ;================================================================================================
0146   50C3             ; Wait for disk to be ready (busy=0,ready=1)
0147   50C3             ;================================================================================================
0148   50C3             cfWait:
0149   50C3 F5          		PUSH 	AF
0150   50C4             cfWait1:
0151   50C4 DB 17       		in 	A,(CF_STATUS)
0152   50C6 E6 80       		AND 	080H
0153   50C8 FE 80       		cp 	080H
0154   50CA 28 F8       		JR	Z,cfWait1
0155   50CC F1          		POP 	AF
0156   50CD C9          		RET
0157   50CE             
0158   50CE             
0159   50CE             ;================================================================================================
0160   50CE             ; Utilities
0161   50CE             ;================================================================================================
0162   50CE             
0163   50CE             printInline:
0164   50CE E3          		EX 	(SP),HL 	; PUSH HL and put RET ADDress into HL
0165   50CF F5          		PUSH 	AF
0166   50D0 C5          		PUSH 	BC
0167   50D1 7E          nextILChar:	LD 	A,(HL)
0168   50D2 FE 00       		CP	0
0169   50D4 28 04       		JR	Z,endOfPrint
0170   50D6 CF          		RST 	08H
0171   50D7 23          		INC 	HL
0172   50D8 18 F7       		JR	nextILChar
0173   50DA 23          endOfPrint:	INC 	HL 		; Get past "null" terminator
0174   50DB C1          		POP 	BC
0175   50DC F1          		POP 	AF
0176   50DD E3          		EX 	(SP),HL 	; PUSH new RET ADDress on stack and restore HL
0177   50DE C9          		RET
0178   50DF             
0179   50DF 00 00       dmaAddr		.dw	0
0180   50E1 00          secNo		.db	0
0181   50E2             
0182   50E2             	.END
tasm: Number of errors = 0
